This is pdfTeX, Version 3.14159265-2.6-1.40.20 (MiKTeX 2.9.7250 64-bit) (preloaded format=pdflatex 2020.1.8)  12 FEB 2021 23:30
entering extended mode
**./SRS-Rev0.tex
(SRS-Rev0.tex
LaTeX2e <2019-10-01> patch level 3
("C:\Users\renza\AppData\Local\Programs\MiKTeX 2.9\tex/latex/base\article.cls"
Document Class: article 2019/10/25 v1.4k Standard LaTeX document class
("C:\Users\renza\AppData\Local\Programs\MiKTeX 2.9\tex/latex/base\size12.clo"
File: size12.clo 2019/10/25 v1.4k Standard LaTeX file (size option)
)
\c@part=\count80
\c@section=\count81
\c@subsection=\count82
\c@subsubsection=\count83
\c@paragraph=\count84
\c@subparagraph=\count85
\c@figure=\count86
\c@table=\count87
\abovecaptionskip=\skip41
\belowcaptionskip=\skip42
\bibindent=\dimen102
)
("C:\Users\renza\AppData\Local\Programs\MiKTeX 2.9\tex/latex/graphics\graphicx.
sty"
Package: graphicx 2017/06/01 v1.1a Enhanced LaTeX Graphics (DPC,SPQR)

("C:\Users\renza\AppData\Local\Programs\MiKTeX 2.9\tex/latex/graphics\keyval.st
y"
Package: keyval 2014/10/28 v1.15 key=value parser (DPC)
\KV@toks@=\toks14
)
("C:\Users\renza\AppData\Local\Programs\MiKTeX 2.9\tex/latex/graphics\graphics.
sty"
Package: graphics 2019/11/01 v1.3d Standard LaTeX Graphics (DPC,SPQR)

("C:\Users\renza\AppData\Local\Programs\MiKTeX 2.9\tex/latex/graphics\trig.sty"
Package: trig 2016/01/03 v1.10 sin cos tan (DPC)
)
("C:\Users\renza\AppData\Local\Programs\MiKTeX 2.9\tex/latex/graphics-cfg\graph
ics.cfg"
File: graphics.cfg 2016/06/04 v1.11 sample graphics configuration
)
Package graphics Info: Driver file: pdftex.def on input line 105.

("C:\Users\renza\AppData\Local\Programs\MiKTeX 2.9\tex/latex/graphics-def\pdfte
x.def"
File: pdftex.def 2018/01/08 v1.0l Graphics/color driver for pdftex
))
\Gin@req@height=\dimen103
\Gin@req@width=\dimen104
)
("C:\Users\renza\AppData\Local\Programs\MiKTeX 2.9\tex/latex/booktabs\booktabs.
sty"
Package: booktabs 2019/10/08 v1.6180339 publication quality tables
\heavyrulewidth=\dimen105
\lightrulewidth=\dimen106
\cmidrulewidth=\dimen107
\belowrulesep=\dimen108
\belowbottomsep=\dimen109
\aboverulesep=\dimen110
\abovetopsep=\dimen111
\cmidrulesep=\dimen112
\cmidrulekern=\dimen113
\defaultaddspace=\dimen114
\@cmidla=\count88
\@cmidlb=\count89
\@aboverulesep=\dimen115
\@belowrulesep=\dimen116
\@thisruleclass=\count90
\@lastruleclass=\count91
\@thisrulewidth=\dimen117
)
("C:\Users\renza\AppData\Local\Programs\MiKTeX 2.9\tex/latex/tools\tabularx.sty
"
Package: tabularx 2016/02/03 v2.11b `tabularx' package (DPC)
 ("C:\Users\renza\AppData\Local\Programs\MiKTeX 2.9\tex/latex/tools\array.sty"
Package: array 2019/08/31 v2.4l Tabular extension package (FMi)
\col@sep=\dimen118
\ar@mcellbox=\box27
\extrarowheight=\dimen119
\NC@list=\toks15
\extratabsurround=\skip43
\backup@length=\skip44
\ar@cellbox=\box28
)
\TX@col@width=\dimen120
\TX@old@table=\dimen121
\TX@old@col=\dimen122
\TX@target=\dimen123
\TX@delta=\dimen124
\TX@cols=\count92
\TX@ftn=\toks16
)
("C:\Users\renza\AppData\Local\Programs\MiKTeX 2.9\tex/latex/hyperref\hyperref.
sty"
Package: hyperref 2019/11/10 v7.00c Hypertext links for LaTeX

("C:\Users\renza\AppData\Local\Programs\MiKTeX 2.9\tex/generic/oberdiek\ltxcmds
.sty"
Package: ltxcmds 2016/05/16 v1.23 LaTeX kernel commands for general use (HO)
)
("C:\Users\renza\AppData\Local\Programs\MiKTeX 2.9\tex/generic/iftex\iftex.sty"
Package: iftex 2019/11/07 v1.0c TeX engine tests
)
("C:\Users\renza\AppData\Local\Programs\MiKTeX 2.9\tex/latex/pdftexcmds\pdftexc
mds.sty"
Package: pdftexcmds 2019/11/24 v0.31 Utility functions of pdfTeX for LuaTeX (HO
)

("C:\Users\renza\AppData\Local\Programs\MiKTeX 2.9\tex/generic/oberdiek\infware
rr.sty"
Package: infwarerr 2016/05/16 v1.4 Providing info/warning/error messages (HO)
)
Package pdftexcmds Info: \pdf@primitive is available.
Package pdftexcmds Info: \pdf@ifprimitive is available.
Package pdftexcmds Info: \pdfdraftmode found.
)
("C:\Users\renza\AppData\Local\Programs\MiKTeX 2.9\tex/generic/oberdiek\kvsetke
ys.sty"
Package: kvsetkeys 2016/05/16 v1.17 Key value parser (HO)

("C:\Users\renza\AppData\Local\Programs\MiKTeX 2.9\tex/generic/oberdiek\etexcmd
s.sty"
Package: etexcmds 2016/05/16 v1.6 Avoid name clashes with e-TeX commands (HO)

("C:\Users\renza\AppData\Local\Programs\MiKTeX 2.9\tex/generic/iftex\ifluatex.s
ty"
Package: ifluatex 2019/10/25 v1.5 ifluatex legacy package. Use iftex instead.
)))
("C:\Users\renza\AppData\Local\Programs\MiKTeX 2.9\tex/generic/oberdiek\kvdefin
ekeys.sty"
Package: kvdefinekeys 2016/05/16 v1.4 Define keys (HO)
)
("C:\Users\renza\AppData\Local\Programs\MiKTeX 2.9\tex/generic/oberdiek\pdfesca
pe.sty"
Package: pdfescape 2016/05/16 v1.14 Implements pdfTeX's escape features (HO)
)
("C:\Users\renza\AppData\Local\Programs\MiKTeX 2.9\tex/latex/oberdiek\hycolor.s
ty"
Package: hycolor 2016/05/16 v1.8 Color options for hyperref/bookmark (HO)

("C:\Users\renza\AppData\Local\Programs\MiKTeX 2.9\tex/latex/oberdiek\xcolor-pa
tch.sty"
Package: xcolor-patch 2016/05/16 xcolor patch

("C:\Users\renza\AppData\Local\Programs\MiKTeX 2.9\tex/latex/oberdiek\hopatch.s
ty"
Package: hopatch 2016/05/16 v1.3 Wrapper for package hooks (HO)
)))
("C:\Users\renza\AppData\Local\Programs\MiKTeX 2.9\tex/latex/oberdiek\letltxmac
ro.sty"
Package: letltxmacro 2016/05/16 v1.5 Let assignment for LaTeX macros (HO)
)
("C:\Users\renza\AppData\Local\Programs\MiKTeX 2.9\tex/latex/oberdiek\auxhook.s
ty"
Package: auxhook 2016/05/16 v1.4 Hooks for auxiliary files (HO)
)
("C:\Users\renza\AppData\Local\Programs\MiKTeX 2.9\tex/latex/oberdiek\kvoptions
.sty"
Package: kvoptions 2016/05/16 v3.12 Key value format for package options (HO)
)
\@linkdim=\dimen125
\Hy@linkcounter=\count93
\Hy@pagecounter=\count94

("C:\Users\renza\AppData\Local\Programs\MiKTeX 2.9\tex/latex/hyperref\pd1enc.de
f"
File: pd1enc.def 2019/11/10 v7.00c Hyperref: PDFDocEncoding definition (HO)
Now handling font encoding PD1 ...
... no UTF-8 mapping file for font encoding PD1
)
("C:\Users\renza\AppData\Local\Programs\MiKTeX 2.9\tex/generic/oberdiek\intcalc
.sty"
Package: intcalc 2016/05/16 v1.2 Expandable calculations with integers (HO)
)
\Hy@SavedSpaceFactor=\count95

("C:\Users\renza\AppData\Local\Programs\MiKTeX 2.9\tex/latex/00miktex\hyperref.
cfg"
File: hyperref.cfg 2002/06/06 v1.2 hyperref configuration of TeXLive
)
Package hyperref Info: Hyper figures OFF on input line 4535.
Package hyperref Info: Link nesting OFF on input line 4540.
Package hyperref Info: Hyper index ON on input line 4543.
Package hyperref Info: Plain pages OFF on input line 4550.
Package hyperref Info: Backreferencing OFF on input line 4555.
Package hyperref Info: Implicit mode ON; LaTeX internals redefined.
Package hyperref Info: Bookmarks ON on input line 4788.
\c@Hy@tempcnt=\count96
 ("C:\Users\renza\AppData\Local\Programs\MiKTeX 2.9\tex/latex/url\url.sty"
\Urlmuskip=\muskip10
Package: url 2013/09/16  ver 3.4  Verb mode for urls, etc.
)
LaTeX Info: Redefining \url on input line 5147.
\XeTeXLinkMargin=\dimen126

("C:\Users\renza\AppData\Local\Programs\MiKTeX 2.9\tex/generic/oberdiek\bitset.
sty"
Package: bitset 2016/05/16 v1.2 Handle bit-vector datatype (HO)

("C:\Users\renza\AppData\Local\Programs\MiKTeX 2.9\tex/generic/oberdiek\bigintc
alc.sty"
Package: bigintcalc 2016/05/16 v1.4 Expandable calculations on big integers (HO
)
))
\Fld@menulength=\count97
\Field@Width=\dimen127
\Fld@charsize=\dimen128
Package hyperref Info: Hyper figures OFF on input line 6418.
Package hyperref Info: Link nesting OFF on input line 6423.
Package hyperref Info: Hyper index ON on input line 6426.
Package hyperref Info: backreferencing OFF on input line 6433.
Package hyperref Info: Link coloring OFF on input line 6438.
Package hyperref Info: Link coloring with OCG OFF on input line 6443.
Package hyperref Info: PDF/A mode OFF on input line 6448.
LaTeX Info: Redefining \ref on input line 6488.
LaTeX Info: Redefining \pageref on input line 6492.

("C:\Users\renza\AppData\Local\Programs\MiKTeX 2.9\tex/generic/oberdiek\atbegsh
i.sty"
Package: atbegshi 2016/06/09 v1.18 At begin shipout hook (HO)

("C:\Users\renza\AppData\Local\Programs\MiKTeX 2.9\tex/generic/iftex\ifpdf.sty"
Package: ifpdf 2019/10/25 v3.4 ifpdf legacy package. Use iftex instead.
))
\Hy@abspage=\count98
\c@Item=\count99
\c@Hfootnote=\count100
)
Package hyperref Info: Driver (autodetected): hpdftex.

("C:\Users\renza\AppData\Local\Programs\MiKTeX 2.9\tex/latex/hyperref\hpdftex.d
ef"
File: hpdftex.def 2019/11/10 v7.00c Hyperref driver for pdfTeX

("C:\Users\renza\AppData\Local\Programs\MiKTeX 2.9\tex/latex/oberdiek\atveryend
.sty"
Package: atveryend 2016/05/16 v1.9 Hooks at the very end of document (HO)
Package atveryend Info: \enddocument detected (standard20110627).
)
\Fld@listcount=\count101
\c@bookmark@seq@number=\count102

("C:\Users\renza\AppData\Local\Programs\MiKTeX 2.9\tex/latex/oberdiek\rerunfile
check.sty"
Package: rerunfilecheck 2016/05/16 v1.8 Rerun checks for auxiliary files (HO)

("C:\Users\renza\AppData\Local\Programs\MiKTeX 2.9\tex/generic/oberdiek\uniquec
ounter.sty"
Package: uniquecounter 2016/05/16 v1.3 Provide unlimited unique counter (HO)
)
Package uniquecounter Info: New unique counter `rerunfilecheck' on input line 2
85.
)
\Hy@SectionHShift=\skip45
)
Package hyperref Info: Option `colorlinks' set `true' on input line 14.

("C:\Users\renza\AppData\Local\Programs\MiKTeX 2.9\tex/latex/natbib\natbib.sty"
Package: natbib 2010/09/13 8.31b (PWD, AO)
\bibhang=\skip46
\bibsep=\skip47
LaTeX Info: Redefining \cite on input line 694.
\c@NAT@ctr=\count103
) (SRS-Rev0.aux)
\openout1 = `SRS-Rev0.aux'.

LaTeX Font Info:    Checking defaults for OML/cmm/m/it on input line 26.
LaTeX Font Info:    ... okay on input line 26.
LaTeX Font Info:    Checking defaults for T1/cmr/m/n on input line 26.
LaTeX Font Info:    ... okay on input line 26.
LaTeX Font Info:    Checking defaults for OT1/cmr/m/n on input line 26.
LaTeX Font Info:    ... okay on input line 26.
LaTeX Font Info:    Checking defaults for OMS/cmsy/m/n on input line 26.
LaTeX Font Info:    ... okay on input line 26.
LaTeX Font Info:    Checking defaults for OMX/cmex/m/n on input line 26.
LaTeX Font Info:    ... okay on input line 26.
LaTeX Font Info:    Checking defaults for U/cmr/m/n on input line 26.
LaTeX Font Info:    ... okay on input line 26.
LaTeX Font Info:    Checking defaults for PD1/pdf/m/n on input line 26.
LaTeX Font Info:    ... okay on input line 26.

("C:\Users\renza\AppData\Local\Programs\MiKTeX 2.9\tex/context/base/mkii\supp-p
df.mkii"
[Loading MPS to PDF converter (version 2006.09.02).]
\scratchcounter=\count104
\scratchdimen=\dimen129
\scratchbox=\box29
\nofMPsegments=\count105
\nofMParguments=\count106
\everyMPshowfont=\toks17
\MPscratchCnt=\count107
\MPscratchDim=\dimen130
\MPnumerator=\count108
\makeMPintoPDFobject=\count109
\everyMPtoPDFconversion=\toks18
)
("C:\Users\renza\AppData\Local\Programs\MiKTeX 2.9\tex/latex/epstopdf-pkg\epsto
pdf-base.sty"
Package: epstopdf-base 2019/11/24 v2.7 Base part for package epstopdf

("C:\Users\renza\AppData\Local\Programs\MiKTeX 2.9\tex/latex/oberdiek\grfext.st
y"
Package: grfext 2016/05/16 v1.2 Manage graphics extensions (HO)
)
Package epstopdf-base Info: Redefining graphics rule for `.eps' on input line 4
42.
Package grfext Info: Graphics extension search list:
(grfext)             [.pdf,.png,.jpg,.mps,.jpeg,.jbig2,.jb2,.PDF,.PNG,.JPG,.JPE
G,.JBIG2,.JB2,.eps]
(grfext)             \AppendGraphicsExtensions on input line 460.
)
\AtBeginShipoutBox=\box30

("C:\Users\renza\AppData\Local\Programs\MiKTeX 2.9\tex/latex/graphics\color.sty
"
Package: color 2016/07/10 v1.1e Standard LaTeX Color (DPC)

("C:\Users\renza\AppData\Local\Programs\MiKTeX 2.9\tex/latex/graphics-cfg\color
.cfg"
File: color.cfg 2016/01/02 v1.6 sample color configuration
)
Package color Info: Driver file: pdftex.def on input line 147.
)
Package hyperref Info: Link coloring ON on input line 26.

("C:\Users\renza\AppData\Local\Programs\MiKTeX 2.9\tex/latex/hyperref\nameref.s
ty"
Package: nameref 2019/09/16 v2.46 Cross-referencing by name of section

("C:\Users\renza\AppData\Local\Programs\MiKTeX 2.9\tex/latex/oberdiek\refcount.
sty"
Package: refcount 2016/05/16 v3.5 Data extraction from label references (HO)
)
("C:\Users\renza\AppData\Local\Programs\MiKTeX 2.9\tex/generic/oberdiek\gettitl
estring.sty"
Package: gettitlestring 2016/05/16 v1.5 Cleanup title references (HO)
)
\c@section@level=\count110
)
LaTeX Info: Redefining \ref on input line 26.
LaTeX Info: Redefining \pageref on input line 26.
LaTeX Info: Redefining \nameref on input line 26.
 (SRS-Rev0.out) (SRS-Rev0.out)
\@outlinefile=\write3
\openout3 = `SRS-Rev0.out'.

LaTeX Font Info:    External font `cmex10' loaded for size
(Font)              <14.4> on input line 29.
LaTeX Font Info:    External font `cmex10' loaded for size
(Font)              <7> on input line 29.
 [1

{C:/Users/renza/AppData/Local/MiKTeX/2.9/pdftex/config/pdftex.map}]

Package hyperref Warning: old toc file detected, not used; run LaTeX again.

\tf@toc=\write4
\openout4 = `SRS-Rev0.toc'.


Package hyperref Warning: old lot file detected, not used; run LaTeX again.

\tf@lot=\write5
\openout5 = `SRS-Rev0.lot'.


Package hyperref Warning: old lof file detected, not used; run LaTeX again.

\tf@lof=\write6
\openout6 = `SRS-Rev0.lof'.

[1]
Overfull \hbox (19.48325pt too wide) in paragraph at lines 63--64
\OT1/cmr/m/n/12 The cus-tomers of this prod-uct in-clude stu-dents and pro-fes-
sors at-tend-ing/teaching
 []

pdfTeX warning (ext4): destination with the same identifier (name{page.1}) has 
been already used, duplicate ignored
<to be read again> 
                   \relax 
l.69 \subsection
                {Mandated Constraints} [1] [2]
Underfull \hbox (badness 10000) in paragraph at lines 119--120

 []


Underfull \hbox (badness 10000) in paragraph at lines 121--122

 []


Underfull \hbox (badness 10000) in paragraph at lines 123--124

 []

[3]
Underfull \hbox (badness 10000) in paragraph at lines 125--126

 []

LaTeX Font Info:    Trying to load font information for OMS+cmr on input line 1
29.
("C:\Users\renza\AppData\Local\Programs\MiKTeX 2.9\tex/latex/base\omscmr.fd"
File: omscmr.fd 2014/09/29 v2.5h Standard LaTeX font definitions
)
LaTeX Font Info:    Font shape `OMS/cmr/m/n' in size <12> not available
(Font)              Font shape `OMS/cmsy/m/n' tried instead on input line 129.
<./images/Context_Of_Work.png, id=56, 1806.75pt x 1227.58624pt>
File: ./images/Context_Of_Work.png Graphic file (type png)
<use ./images/Context_Of_Work.png>
Package pdftex.def Info: ./images/Context_Of_Work.png  used on input line 147.
(pdftex.def)             Requested size: 361.3436pt x 245.5129pt.

[4]
Underfull \hbox (badness 10000) in paragraph at lines 156--156
[]|\OT1/cmr/m/n/12 Event
 []


Underfull \hbox (badness 2837) in paragraph at lines 158--159
[]|\OT1/cmr/m/n/12 Dates and Dead-lines
 []


Underfull \hbox (badness 10000) in paragraph at lines 160--160
[]|\OT1/cmr/m/n/12 Gather As-sign-
 []


Underfull \hbox (badness 10000) in paragraph at lines 160--161
[]|\OT1/cmr/m/n/12 Assignment In-for-ma-
 []


Underfull \hbox (badness 1436) in paragraph at lines 160--161
\OT1/cmr/m/n/12 tion avail-able to use
 []


Underfull \hbox (badness 10000) in paragraph at lines 160--161
\OT1/cmr/m/n/12 with cor-re-spond-ing
 []


Underfull \hbox (badness 10000) in paragraph at lines 162--162
[]|\OT1/cmr/m/n/12 Gather Course
 []


Underfull \hbox (badness 3323) in paragraph at lines 162--163
[]|\OT1/cmr/m/n/12 Course Names avail-
 []


Overfull \hbox (35.99606pt too wide) in paragraph at lines 154--166
 [] 
 []


Underfull \hbox (badness 10000) in paragraph at lines 171--171
[]|\OT1/cmr/m/n/12 Event
 []


Overfull \hbox (11.19608pt too wide) in paragraph at lines 169--181
 [] 
 []

[5 <./images/Context_Of_Work.png>]
Underfull \hbox (badness 10000) in paragraph at lines 211--211
[]|\OT1/cmr/m/n/12 Login
 []


Underfull \hbox (badness 10000) in paragraph at lines 213--213
[]|\OT1/cmr/m/n/12 Select
 []


Underfull \hbox (badness 10000) in paragraph at lines 215--215
[]|\OT1/cmr/m/n/12 Edit
 []


Underfull \hbox (badness 10000) in paragraph at lines 217--217
[]|\OT1/cmr/m/n/12 Delete
 []


Underfull \hbox (badness 10000) in paragraph at lines 225--228

 []

[6]
Underfull \hbox (badness 10000) in paragraph at lines 229--232

 []


Underfull \hbox (badness 10000) in paragraph at lines 233--236

 []


Underfull \hbox (badness 10000) in paragraph at lines 237--240

 []


Underfull \hbox (badness 10000) in paragraph at lines 241--244

 []


Underfull \hbox (badness 10000) in paragraph at lines 245--248

 []


Underfull \hbox (badness 10000) in paragraph at lines 249--252

 []


Underfull \hbox (badness 10000) in paragraph at lines 253--256

 []


Underfull \hbox (badness 10000) in paragraph at lines 257--260

 []

[7]
Underfull \hbox (badness 10000) in paragraph at lines 261--264

 []

[8] [9]
Underfull \hbox (badness 10000) in paragraph at lines 333--335

 []

[10]
Underfull \hbox (badness 10000) in paragraph at lines 380--382

 []


Underfull \hbox (badness 10000) in paragraph at lines 390--392

 []


Underfull \hbox (badness 10000) in paragraph at lines 393--395

 []

[11]
Underfull \hbox (badness 10000) in paragraph at lines 413--415

 []


Underfull \hbox (badness 10000) in paragraph at lines 426--428

 []

[12]
Underfull \hbox (badness 10000) in paragraph at lines 444--446

 []

[13] [14] [15] (SRS-Rev0.bbl

Package natbib Warning: Empty `thebibliography' environment on input line 8.

) [16]
Overfull \hbox (15.06747pt too wide) in paragraph at lines 557--559
\OT1/cmr/m/n/12 The def-i-ni-tion of the re-quire-ments will likely call for SY
M-BOLIC[]CONSTANTS.
 []


Underfull \hbox (badness 10000) in paragraph at lines 557--559

 []

Package atveryend Info: Empty hook `BeforeClearDocument' on input line 564.
[17]
Package atveryend Info: Empty hook `AfterLastShipout' on input line 564.
 (SRS-Rev0.aux)
Package atveryend Info: Executing hook `AtVeryEndDocument' on input line 564.
Package atveryend Info: Executing hook `AtEndAfterFileList' on input line 564.


Package rerunfilecheck Warning: File `SRS-Rev0.out' has changed.
(rerunfilecheck)                Rerun to get outlines right
(rerunfilecheck)                or use package `bookmark'.

Package rerunfilecheck Info: Checksums for `SRS-Rev0.out':
(rerunfilecheck)             Before: D41D8CD98F00B204E9800998ECF8427E;0
(rerunfilecheck)             After:  C387D32602C41700FA44D47E53197C89;5856.
Package atveryend Info: Empty hook `AtVeryVeryEnd' on input line 564.
 ) 
Here is how much of TeX's memory you used:
 5792 strings out of 492484
 88387 string characters out of 3121602
 179895 words of memory out of 3000000
 9939 multiletter control sequences out of 15000+200000
 8977 words of font info for 32 fonts, out of 3000000 for 9000
 1141 hyphenation exceptions out of 8191
 39i,10n,28p,723b,434s stack positions out of 5000i,500n,10000p,200000b,50000s
<C:/Users/renza/AppData/Local/Programs/MiKTeX 2.9/fonts/type1/public/amsfonts
/cm/cmbx12.pfb><C:/Users/renza/AppData/Local/Programs/MiKTeX 2.9/fonts/type1/pu
blic/amsfonts/cm/cmr12.pfb><C:/Users/renza/AppData/Local/Programs/MiKTeX 2.9/fo
nts/type1/public/amsfonts/cm/cmr17.pfb><C:/Users/renza/AppData/Local/Programs/M
iKTeX 2.9/fonts/type1/public/amsfonts/cm/cmsy10.pfb><C:/Users/renza/AppData/Loc
al/Programs/MiKTeX 2.9/fonts/type1/public/amsfonts/cm/cmtt12.pfb>
Output written on SRS-Rev0.pdf (19 pages, 164951 bytes).
PDF statistics:
 221 PDF objects out of 1000 (max. 8388607)
 108 named destinations out of 1000 (max. 500000)
 6 words of extra memory for PDF output out of 10000 (max. 10000000)

