\BOOKMARK [1][-]{section.1}{Project Drivers}{}% 1
\BOOKMARK [2][-]{subsection.1.1}{The Purpose of the Project}{section.1}% 2
\BOOKMARK [2][-]{subsection.1.2}{The Stakeholders}{section.1}% 3
\BOOKMARK [3][-]{subsubsection.1.2.1}{The Client}{subsection.1.2}% 4
\BOOKMARK [3][-]{subsubsection.1.2.2}{The Customers}{subsection.1.2}% 5
\BOOKMARK [3][-]{subsubsection.1.2.3}{Other Stakeholders}{subsection.1.2}% 6
\BOOKMARK [2][-]{subsection.1.3}{Mandated Constraints}{section.1}% 7
\BOOKMARK [3][-]{subsubsection.1.3.1}{Product Constraints}{subsection.1.3}% 8
\BOOKMARK [3][-]{subsubsection.1.3.2}{User Constraints}{subsection.1.3}% 9
\BOOKMARK [3][-]{subsubsection.1.3.3}{Time Constraints}{subsection.1.3}% 10
\BOOKMARK [3][-]{subsubsection.1.3.4}{Budget Constraints}{subsection.1.3}% 11
\BOOKMARK [2][-]{subsection.1.4}{Naming Conventions and Terminology}{section.1}% 12
\BOOKMARK [2][-]{subsection.1.5}{Relevant Facts and Assumptions}{section.1}% 13
\BOOKMARK [3][-]{subsubsection.1.5.1}{Facts}{subsection.1.5}% 14
\BOOKMARK [3][-]{subsubsection.1.5.2}{Assumptions}{subsection.1.5}% 15
\BOOKMARK [1][-]{section.2}{Functional Requirements}{}% 16
\BOOKMARK [2][-]{subsection.2.1}{The Scope of the Work and the Product}{section.2}% 17
\BOOKMARK [3][-]{subsubsection.2.1.1}{The Context of the Work}{subsection.2.1}% 18
\BOOKMARK [3][-]{subsubsection.2.1.2}{Work Partitioning}{subsection.2.1}% 19
\BOOKMARK [3][-]{subsubsection.2.1.3}{Individual Product Use Cases}{subsection.2.1}% 20
\BOOKMARK [2][-]{subsection.2.2}{Functional Requirements}{section.2}% 21
\BOOKMARK [1][-]{section.3}{Non-functional Requirements}{}% 22
\BOOKMARK [2][-]{subsection.3.1}{Look and Feel Requirements}{section.3}% 23
\BOOKMARK [3][-]{subsubsection.3.1.1}{Appearance Requirements}{subsection.3.1}% 24
\BOOKMARK [3][-]{subsubsection.3.1.2}{Style Requirements}{subsection.3.1}% 25
\BOOKMARK [2][-]{subsection.3.2}{Usability and Humanity Requirements}{section.3}% 26
\BOOKMARK [3][-]{subsubsection.3.2.1}{Ease of Use Requirements}{subsection.3.2}% 27
\BOOKMARK [3][-]{subsubsection.3.2.2}{Personalization and Internationalization Requirements}{subsection.3.2}% 28
\BOOKMARK [3][-]{subsubsection.3.2.3}{Learning Requirements}{subsection.3.2}% 29
\BOOKMARK [3][-]{subsubsection.3.2.4}{Understandability and Politeness Requirements}{subsection.3.2}% 30
\BOOKMARK [3][-]{subsubsection.3.2.5}{Accessibility Requirements}{subsection.3.2}% 31
\BOOKMARK [2][-]{subsection.3.3}{Performance Requirements}{section.3}% 32
\BOOKMARK [3][-]{subsubsection.3.3.1}{Speed and Latency Requirements}{subsection.3.3}% 33
\BOOKMARK [3][-]{subsubsection.3.3.2}{Safety-Critical Requirements}{subsection.3.3}% 34
\BOOKMARK [3][-]{subsubsection.3.3.3}{Precision and Accuracy Requirements}{subsection.3.3}% 35
\BOOKMARK [3][-]{subsubsection.3.3.4}{Reliability and Availability Requirements}{subsection.3.3}% 36
\BOOKMARK [3][-]{subsubsection.3.3.5}{Robustness or Fault-Tolerance Requirements}{subsection.3.3}% 37
\BOOKMARK [3][-]{subsubsection.3.3.6}{Capacity Requirements}{subsection.3.3}% 38
\BOOKMARK [3][-]{subsubsection.3.3.7}{Scalability or Extensibility Requirements}{subsection.3.3}% 39
\BOOKMARK [3][-]{subsubsection.3.3.8}{Longevity Requirements}{subsection.3.3}% 40
\BOOKMARK [2][-]{subsection.3.4}{Operational and Environmental Requirements}{section.3}% 41
\BOOKMARK [3][-]{subsubsection.3.4.1}{Expected Physical Environment}{subsection.3.4}% 42
\BOOKMARK [3][-]{subsubsection.3.4.2}{Requirements for Interfacing with Adjacent Systems}{subsection.3.4}% 43
\BOOKMARK [3][-]{subsubsection.3.4.3}{Productization Requirements}{subsection.3.4}% 44
\BOOKMARK [3][-]{subsubsection.3.4.4}{Release Requirements}{subsection.3.4}% 45
\BOOKMARK [2][-]{subsection.3.5}{Maintainability and Support Requirements}{section.3}% 46
\BOOKMARK [3][-]{subsubsection.3.5.1}{Maintenance Requirements}{subsection.3.5}% 47
\BOOKMARK [3][-]{subsubsection.3.5.2}{Supportability Requirements}{subsection.3.5}% 48
\BOOKMARK [3][-]{subsubsection.3.5.3}{Adaptability Requirements}{subsection.3.5}% 49
\BOOKMARK [2][-]{subsection.3.6}{Security Requirements}{section.3}% 50
\BOOKMARK [3][-]{subsubsection.3.6.1}{Access Requirements}{subsection.3.6}% 51
\BOOKMARK [3][-]{subsubsection.3.6.2}{Integrity Requirements}{subsection.3.6}% 52
\BOOKMARK [3][-]{subsubsection.3.6.3}{Privacy Requirements}{subsection.3.6}% 53
\BOOKMARK [3][-]{subsubsection.3.6.4}{Audit Requirements}{subsection.3.6}% 54
\BOOKMARK [3][-]{subsubsection.3.6.5}{Immunity Requirements}{subsection.3.6}% 55
\BOOKMARK [2][-]{subsection.3.7}{Cultural Requirements}{section.3}% 56
\BOOKMARK [3][-]{subsubsection.3.7.1}{Cultural Requirements}{subsection.3.7}% 57
\BOOKMARK [3][-]{subsubsection.3.7.2}{Political Requirements}{subsection.3.7}% 58
\BOOKMARK [2][-]{subsection.3.8}{Legal Requirements}{section.3}% 59
\BOOKMARK [3][-]{subsubsection.3.8.1}{Compliance Requirements}{subsection.3.8}% 60
\BOOKMARK [3][-]{subsubsection.3.8.2}{Standards Requirements}{subsection.3.8}% 61
\BOOKMARK [2][-]{subsection.3.9}{Health and Safety Requirements}{section.3}% 62
\BOOKMARK [1][-]{section.4}{Project Issues}{}% 63
\BOOKMARK [2][-]{subsection.4.1}{Open Issues}{section.4}% 64
\BOOKMARK [2][-]{subsection.4.2}{Off-the-Shelf Solutions}{section.4}% 65
\BOOKMARK [2][-]{subsection.4.3}{New Problems}{section.4}% 66
\BOOKMARK [2][-]{subsection.4.4}{Tasks}{section.4}% 67
\BOOKMARK [2][-]{subsection.4.5}{Migration to the New Product}{section.4}% 68
\BOOKMARK [2][-]{subsection.4.6}{Risks}{section.4}% 69
\BOOKMARK [2][-]{subsection.4.7}{Costs}{section.4}% 70
\BOOKMARK [2][-]{subsection.4.8}{User Documentation and Training}{section.4}% 71
\BOOKMARK [2][-]{subsection.4.9}{Waiting Room}{section.4}% 72
\BOOKMARK [2][-]{subsection.4.10}{Ideas for Solutions}{section.4}% 73
\BOOKMARK [1][-]{section.5}{Appendix}{}% 74
\BOOKMARK [2][-]{subsection.5.1}{Symbolic Parameters}{section.5}% 75
